
Gurobi 7.5.2 (mac64) logging started Sat Mar  3 04:29:25 2018

Academic license - for non-commercial use only
Warning for adding variables: zero or small (< 1e-13) coefficients, ignored
Optimize a model with 973 rows, 973 columns and 2915 nonzeros
Model has 471908 quadratic objective terms
Coefficient statistics:
  Matrix range     [2e-03, 1e+00]
  Objective range  [1e+00, 1e+00]
  QObjective range [2e-05, 1e+06]
  Bounds range     [0e+00, 0e+00]
  RHS range        [1e+00, 1e+00]
Warning: Model contains large quadratic objective coefficient range
         Consider reformulating model or setting NumericFocus parameter
         to avoid numerical issues.
Presolve time: 0.08s
Presolved: 973 rows, 973 columns, 2915 nonzeros
Presolved model has 471908 quadratic objective terms
Ordering time: 0.01s

Barrier statistics:
 Free vars  : 283
 AA' NZ     : 4.915e+05
 Factor NZ  : 5.378e+05 (roughly 5 MBytes of memory)
 Factor Ops : 2.814e+08 (less than 1 second per iteration)
 Threads    : 4

                  Objective                Residual
Iter       Primal          Dual         Primal    Dual     Compl     Time
   0  -1.03573147e+05  3.27682560e+05  2.56e+04 1.00e+00  1.00e+06     0s
   1  -4.44982262e+06  4.52621829e+06  6.30e+03 2.40e+02  2.64e+05     0s
   2  -2.07506903e+06  2.10051855e+06  1.65e+03 3.19e+01  9.32e+04     0s
   3  -2.66839640e+05  2.72907663e+05  9.59e+01 2.19e-09  6.36e+03     0s
   4  -2.53596034e+04  3.09352382e+04  5.42e+00 1.24e-10  4.24e+02     0s
   5  -1.10560389e+03  7.96851059e+03  3.24e-01 7.39e-12  3.37e+01     0s
   6  -8.25705132e+01  5.86203219e+03  1.01e-03 2.31e-14  3.13e+00     0s
   7  -3.04169186e+01  4.17656939e+02  6.84e-06 4.44e-16  2.31e-01     1s
   8  -2.25712516e+00  1.12479625e+02  6.84e-12 1.75e-11  5.90e-02     1s
   9  -1.66000878e-02  6.59277377e+00  1.95e-13 6.67e-12  3.40e-03     1s
  10   4.59932455e-01  1.03032116e+00  2.04e-14 3.00e-14  2.93e-04     1s
  11   6.00534017e-01  8.42748385e-01  1.68e-14 9.10e-15  1.25e-04     1s
  12   6.46064071e-01  7.75317642e-01  3.27e-14 6.66e-15  6.65e-05     1s
  13   6.92947554e-01  7.15275102e-01  5.83e-14 7.98e-14  1.15e-05     1s
  14   6.98778729e-01  7.06375088e-01  9.21e-14 3.55e-15  3.91e-06     1s
  15   7.01006031e-01  7.02413788e-01  6.56e-14 1.86e-13  7.24e-07     1s
  16   7.01449878e-01  7.01803490e-01  1.15e-13 2.44e-15  1.82e-07     1s
  17   7.01574189e-01  7.01637229e-01  1.55e-13 3.11e-15  3.24e-08     1s
  18   7.01598276e-01  7.01604595e-01  4.22e-13 3.31e-14  3.25e-09     1s
  19   7.01600258e-01  7.01602334e-01  1.43e-12 1.67e-15  1.07e-09     1s
  20   7.01601077e-01  7.01601403e-01  1.22e-12 1.18e-13  1.68e-10     1s
  21   7.01601213e-01  7.01601258e-01  2.73e-12 4.89e-14  2.33e-11     1s
  22   7.01601233e-01  7.01601235e-01  9.04e-12 1.18e-13  9.70e-13     1s

Barrier solved model in 22 iterations and 1.01 seconds
Optimal objective 7.01601233e-01


Wrote requested result file 'model.mps'


Gurobi 7.5.2 (mac64) logging started Sat Mar  3 04:30:14 2018

Academic license - for non-commercial use only
Warning for adding variables: zero or small (< 1e-13) coefficients, ignored
Optimize a model with 973 rows, 973 columns and 2915 nonzeros
Model has 471908 quadratic objective terms
Coefficient statistics:
  Matrix range     [2e-03, 1e+00]
  Objective range  [1e+00, 1e+00]
  QObjective range [2e-05, 1e+06]
  Bounds range     [0e+00, 0e+00]
  RHS range        [1e+00, 1e+00]
Warning: Model contains large quadratic objective coefficient range
         Consider reformulating model or setting NumericFocus parameter
         to avoid numerical issues.
Presolve time: 0.07s
Presolved: 973 rows, 973 columns, 2915 nonzeros
Presolved model has 471908 quadratic objective terms
Ordering time: 0.01s

Barrier statistics:
 Free vars  : 283
 AA' NZ     : 4.926e+05
 Factor NZ  : 5.419e+05 (roughly 5 MBytes of memory)
 Factor Ops : 2.856e+08 (less than 1 second per iteration)
 Threads    : 4

                  Objective                Residual
Iter       Primal          Dual         Primal    Dual     Compl     Time
   0  -1.16588776e+05  3.27682560e+05  3.51e+04 1.00e+00  1.00e+06     0s
   1  -5.40110928e+06  5.48323169e+06  1.00e+04 2.84e+02  2.99e+05     0s
   2  -3.19736256e+06  3.22891017e+06  2.99e+03 6.97e+01  1.00e+05     0s
   3  -6.42786192e+05  6.51116759e+05  3.75e+02 6.49e-09  1.69e+04     0s
   4  -6.72554468e+04  7.25150451e+04  3.09e+01 5.35e-10  1.51e+03     0s
   5  -5.42059630e+03  1.13806912e+04  2.07e+00 3.57e-11  1.23e+02     0s
   6  -2.52670392e+02  6.65336389e+03  7.93e-02 1.37e-12  8.26e+00     0s
   7  -4.24209764e+01  2.44074638e+03  7.93e-08 8.88e-16  1.28e+00     0s
   8  -1.29112943e+01  1.90568297e+02  7.93e-14 4.03e-10  1.05e-01     0s
   9  -1.05413577e+00  2.46330350e+01  4.12e-15 4.32e-13  1.32e-02     0s
  10   3.10371420e-01  2.82663894e+00  7.59e-15 2.83e-12  1.29e-03     1s
  11   5.80042149e-01  1.03500460e+00  1.21e-14 7.19e-14  2.34e-04     1s
  12   6.98176596e-01  7.94484445e-01  5.72e-15 8.31e-14  4.95e-05     1s
  13   7.18468887e-01  7.62472411e-01  3.91e-14 4.07e-14  2.26e-05     1s
  14   7.27147290e-01  7.47274728e-01  1.07e-14 4.42e-14  1.04e-05     1s
  15   7.31771832e-01  7.41005846e-01  2.84e-14 2.55e-15  4.75e-06     1s
  16   7.33544842e-01  7.37635800e-01  6.34e-15 1.07e-13  2.10e-06     1s
  17   7.34922685e-01  7.35124391e-01  1.42e-14 9.92e-15  1.04e-07     1s
  18   7.35018535e-01  7.35057855e-01  3.28e-13 2.44e-15  2.02e-08     1s
  19   7.35028353e-01  7.35049766e-01  6.54e-13 4.95e-14  1.10e-08     1s
  20   7.35033911e-01  7.35044810e-01  6.79e-13 5.94e-14  5.61e-09     1s
  21   7.35036055e-01  7.35043284e-01  2.61e-13 3.55e-15  3.72e-09     1s
  22   7.35038937e-01  7.35039936e-01  2.01e-13 2.44e-15  5.14e-10     1s
  23   7.35039329e-01  7.35039483e-01  2.00e-13 1.07e-13  7.92e-11     1s
  24   7.35039400e-01  7.35039402e-01  7.13e-13 3.11e-15  9.39e-13     1s

Barrier solved model in 24 iterations and 0.87 seconds
Optimal objective 7.35039400e-01


Wrote requested result file 'model.mps'


Gurobi 7.5.2 (mac64) logging started Sat Mar  3 04:31:17 2018

Academic license - for non-commercial use only
Warning for adding variables: zero or small (< 1e-13) coefficients, ignored
Optimize a model with 973 rows, 973 columns and 2915 nonzeros
Model has 471908 quadratic objective terms
Coefficient statistics:
  Matrix range     [2e-03, 1e+00]
  Objective range  [1e+00, 1e+00]
  QObjective range [2e-05, 1e+06]
  Bounds range     [0e+00, 0e+00]
  RHS range        [1e+00, 1e+00]
Warning: Model contains large quadratic objective coefficient range
         Consider reformulating model or setting NumericFocus parameter
         to avoid numerical issues.
Presolve time: 0.08s
Presolved: 973 rows, 973 columns, 2915 nonzeros
Presolved model has 471908 quadratic objective terms
Ordering time: 0.02s

Barrier statistics:
 Free vars  : 288
 AA' NZ     : 4.951e+05
 Factor NZ  : 5.468e+05 (roughly 5 MBytes of memory)
 Factor Ops : 2.895e+08 (less than 1 second per iteration)
 Threads    : 4

                  Objective                Residual
Iter       Primal          Dual         Primal    Dual     Compl     Time
   0  -1.56916900e+05  3.27682560e+05  1.93e+04 1.00e+00  1.00e+06     0s
   1  -5.81989056e+06  5.88493749e+06  5.04e+03 2.08e+02  2.84e+05     0s
   2  -3.37393332e+06  3.39640494e+06  1.22e+03 3.03e+01  8.36e+04     0s
   3  -7.97245721e+05  8.05736942e+05  1.66e+02 3.88e-09  1.69e+04     0s
   4  -1.04265107e+05  1.11283831e+05  1.70e+01 3.97e-10  1.99e+03     0s
   5  -6.20440309e+03  1.43845711e+04  8.97e-01 2.10e-11  1.29e+02     0s
   6  -3.60229605e+02  8.85481200e+03  2.46e-02 5.76e-13  8.10e+00     0s
   7  -1.10346717e+02  2.25840469e+03  1.66e-03 3.88e-14  1.28e+00     0s
   8  -1.14115624e+01  8.12285212e+02  1.66e-09 7.31e-12  4.24e-01     1s
   9  -2.23921853e+00  3.97268247e+01  3.45e-11 4.42e-11  2.16e-02     1s
  10   2.26898610e-01  2.89004369e+00  3.84e-13 5.82e-12  1.37e-03     1s
  11   4.83116881e-01  1.38772390e+00  1.19e-13 1.82e-12  4.65e-04     1s
  12   6.01041964e-01  9.36221534e-01  5.37e-14 6.11e-13  1.72e-04     1s
  13   6.45834520e-01  8.20388468e-01  9.80e-14 2.77e-13  8.98e-05     1s
  14   6.67504670e-01  7.68446297e-01  9.21e-14 6.09e-14  5.19e-05     1s
  15   6.86294347e-01  7.34860950e-01  1.85e-13 1.33e-15  2.50e-05     1s
  16   6.94823897e-01  7.14630088e-01  6.65e-14 5.23e-14  1.02e-05     1s
  17   6.99659338e-01  7.03847442e-01  1.76e-13 6.49e-14  2.15e-06     1s
  18   7.01089439e-01  7.01415672e-01  2.44e-13 8.70e-14  1.68e-07     1s
  19   7.01230783e-01  7.01341451e-01  1.69e-12 1.30e-13  5.69e-08     1s
  20   7.01272058e-01  7.01293152e-01  7.65e-13 5.54e-14  1.09e-08     1s
  21   7.01280659e-01  7.01282788e-01  1.03e-12 1.25e-13  1.10e-09     1s
  22   7.01281617e-01  7.01281684e-01  3.34e-12 1.55e-15  3.48e-11     1s
  23   7.01281648e-01  7.01281649e-01  3.17e-11 1.33e-15  4.95e-13     1s

Barrier solved model in 23 iterations and 1.01 seconds
Optimal objective 7.01281648e-01


Wrote requested result file 'model.mps'


Gurobi 7.5.2 (mac64) logging started Sat Mar  3 04:32:43 2018

Academic license - for non-commercial use only
Warning for adding variables: zero or small (< 1e-13) coefficients, ignored
Optimize a model with 973 rows, 973 columns and 2915 nonzeros
Model has 471908 quadratic objective terms
Coefficient statistics:
  Matrix range     [2e-03, 1e+00]
  Objective range  [1e+00, 1e+00]
  QObjective range [2e-05, 1e+06]
  Bounds range     [0e+00, 0e+00]
  RHS range        [1e+00, 1e+00]
Warning: Model contains large quadratic objective coefficient range
         Consider reformulating model or setting NumericFocus parameter
         to avoid numerical issues.
Presolve time: 0.07s
Presolved: 973 rows, 973 columns, 2915 nonzeros
Presolved model has 471908 quadratic objective terms
Ordering time: 0.01s

Barrier statistics:
 Free vars  : 291
 AA' NZ     : 4.968e+05
 Factor NZ  : 5.491e+05 (roughly 5 MBytes of memory)
 Factor Ops : 2.914e+08 (less than 1 second per iteration)
 Threads    : 4

                  Objective                Residual
Iter       Primal          Dual         Primal    Dual     Compl     Time
   0   1.47081228e+04  3.27682560e+05  2.36e+04 1.00e+00  1.00e+06     0s
   1  -4.51100507e+06  4.61992957e+06  6.36e+03 2.68e+02  2.80e+05     0s
   2  -2.49160505e+06  2.52803466e+06  1.84e+03 6.02e+01  9.28e+04     0s
   3  -5.72122544e+05  5.79407587e+05  1.94e+02 4.74e-09  1.27e+04     0s
   4  -6.14751133e+04  6.60574732e+04  1.66e+01 4.05e-10  1.23e+03     0s
   5  -4.92739922e+03  1.02662580e+04  1.01e+00 2.46e-11  9.37e+01     0s
   6  -2.70733228e+02  6.36100923e+03  4.17e-02 1.02e-12  7.46e+00     0s
   7  -5.62333620e+01  1.91482551e+03  4.17e-08 4.44e-16  1.01e+00     0s
   8  -1.21283279e+01  2.46115640e+02  1.25e-11 1.66e-10  1.33e-01     0s
   9  -1.03248368e+00  7.71777561e+01  1.35e-15 9.90e-12  4.02e-02     0s
  10   2.12458979e-01  4.69557431e+00  3.04e-15 4.63e-12  2.31e-03     1s
  11   4.99976379e-01  9.19631431e-01  2.56e-15 3.49e-13  2.16e-04     1s
  12   6.88685843e-01  7.54951086e-01  1.76e-14 5.30e-14  3.41e-05     1s
  13   7.05390444e-01  7.18842951e-01  1.75e-14 6.00e-15  6.92e-06     1s
  14   7.09417086e-01  7.13943366e-01  3.30e-14 4.43e-14  2.33e-06     1s
  15   7.10675632e-01  7.12293000e-01  5.96e-14 6.00e-15  8.32e-07     1s
  16   7.11049647e-01  7.11906352e-01  6.31e-14 5.16e-14  4.41e-07     1s
  17   7.11282281e-01  7.11638942e-01  1.53e-13 4.44e-15  1.83e-07     1s
  18   7.11399963e-01  7.11471276e-01  5.77e-14 8.15e-14  3.67e-08     1s
  19   7.11424491e-01  7.11442932e-01  1.97e-13 1.35e-13  9.49e-09     1s
  20   7.11430893e-01  7.11434892e-01  2.63e-13 4.00e-15  2.06e-09     1s
  21   7.11432165e-01  7.11433448e-01  4.16e-13 2.32e-14  6.60e-10     1s
  22   7.11432627e-01  7.11432902e-01  3.76e-13 5.33e-15  1.41e-10     1s
  23   7.11432752e-01  7.11432757e-01  5.50e-13 6.37e-14  2.11e-12     1s

Barrier solved model in 23 iterations and 0.84 seconds
Optimal objective 7.11432752e-01


Wrote requested result file 'model.mps'


Gurobi 7.5.2 (mac64) logging started Sat Mar  3 04:33:23 2018

Academic license - for non-commercial use only
Warning for adding variables: zero or small (< 1e-13) coefficients, ignored
Optimize a model with 973 rows, 973 columns and 2915 nonzeros
Model has 471908 quadratic objective terms
Coefficient statistics:
  Matrix range     [2e-03, 1e+00]
  Objective range  [1e+00, 1e+00]
  QObjective range [2e-05, 1e+06]
  Bounds range     [0e+00, 0e+00]
  RHS range        [1e+00, 1e+00]
Warning: Model contains large quadratic objective coefficient range
         Consider reformulating model or setting NumericFocus parameter
         to avoid numerical issues.
Presolve time: 0.07s
Presolved: 973 rows, 973 columns, 2915 nonzeros
Presolved model has 471908 quadratic objective terms
Ordering time: 0.01s

Barrier statistics:
 Free vars  : 290
 AA' NZ     : 5.002e+05
 Factor NZ  : 5.518e+05 (roughly 5 MBytes of memory)
 Factor Ops : 2.943e+08 (less than 1 second per iteration)
 Threads    : 4

                  Objective                Residual
Iter       Primal          Dual         Primal    Dual     Compl     Time
   0  -9.76843239e+03  3.27682560e+05  2.25e+04 1.00e+00  1.00e+06     0s
   1  -5.26177844e+06  5.38292382e+06  7.14e+03 3.15e+02  3.26e+05     0s
   2  -3.28156609e+06  3.32767431e+06  2.38e+03 7.07e+01  1.35e+05     0s
   3  -1.21872331e+06  1.23409681e+06  6.15e+02 7.80e+00  4.08e+04     0s
   4  -2.86458188e+05  2.92303110e+05  5.71e+01 1.56e-09  4.86e+03     0s
   5  -1.43386935e+04  2.01690386e+04  3.02e+00 8.24e-11  3.05e+02     0s
   6  -5.01252346e+02  7.18171199e+03  1.36e-01 3.71e-12  1.86e+01     0s
   7  -4.00657614e+01  4.70260612e+03  1.36e-07 1.33e-15  2.44e+00     0s
   8  -1.74062185e+01  2.73479763e+02  4.16e-09 7.20e-11  1.50e-01     1s
   9  -2.11450693e+00  3.93245590e+01  5.70e-15 1.28e-11  2.13e-02     1s
  10   1.79866450e-01  5.93301104e+00  4.61e-15 1.07e-13  2.96e-03     1s
  11   4.82579510e-01  1.02952549e+00  9.41e-15 4.93e-13  2.81e-04     1s
  12   6.06544259e-01  8.81989393e-01  1.55e-14 3.10e-13  1.42e-04     1s
  13   6.64673578e-01  7.91157231e-01  2.04e-14 7.17e-14  6.51e-05     1s
  14   6.84639923e-01  7.62880335e-01  1.95e-14 2.89e-15  4.02e-05     1s
  15   7.03082505e-01  7.56918592e-01  5.33e-14 5.66e-14  2.77e-05     1s
  16   7.14821596e-01  7.28382939e-01  2.77e-14 1.20e-13  6.98e-06     1s
  17   7.17717665e-01  7.23483115e-01  6.74e-14 2.23e-14  2.97e-06     1s
  18   7.18742266e-01  7.21657120e-01  7.57e-14 4.00e-15  1.50e-06     1s
  19   7.19755918e-01  7.19985898e-01  1.08e-13 1.15e-13  1.18e-07     1s
  20   7.19836065e-01  7.19895395e-01  2.14e-13 2.89e-15  3.05e-08     1s
  21   7.19858342e-01  7.19869394e-01  5.90e-13 1.39e-14  5.69e-09     1s
  22   7.19863009e-01  7.19863950e-01  1.12e-12 1.50e-14  4.84e-10     1s
  23   7.19863378e-01  7.19863530e-01  4.14e-12 3.00e-15  7.85e-11     1s
  24   7.19863448e-01  7.19863456e-01  6.18e-12 7.48e-14  4.12e-12     1s

Barrier solved model in 24 iterations and 1.06 seconds
Optimal objective 7.19863448e-01


Wrote requested result file 'model.mps'


Gurobi 7.5.2 (mac64) logging started Sat Mar  3 04:33:45 2018

Academic license - for non-commercial use only
Warning for adding variables: zero or small (< 1e-13) coefficients, ignored
Optimize a model with 973 rows, 973 columns and 2915 nonzeros
Model has 471908 quadratic objective terms
Coefficient statistics:
  Matrix range     [2e-03, 1e+00]
  Objective range  [1e+00, 1e+00]
  QObjective range [2e-05, 1e+06]
  Bounds range     [0e+00, 0e+00]
  RHS range        [1e+00, 1e+00]
Warning: Model contains large quadratic objective coefficient range
         Consider reformulating model or setting NumericFocus parameter
         to avoid numerical issues.
Presolve time: 0.07s
Presolved: 973 rows, 973 columns, 2915 nonzeros
Presolved model has 471908 quadratic objective terms
Ordering time: 0.00s

Barrier statistics:
 Free vars  : 286
 AA' NZ     : 4.940e+05
 Factor NZ  : 5.423e+05 (roughly 5 MBytes of memory)
 Factor Ops : 2.853e+08 (less than 1 second per iteration)
 Threads    : 4

                  Objective                Residual
Iter       Primal          Dual         Primal    Dual     Compl     Time
   0   3.11456223e+04  3.27682560e+05  2.16e+04 1.00e+00  1.00e+06     0s
   1  -4.07337657e+06  4.17472297e+06  5.03e+03 2.13e+02  2.54e+05     0s
   2  -1.98681164e+06  2.01958960e+06  1.40e+03 3.66e+01  8.56e+04     0s
   3  -4.92228472e+05  4.98389085e+05  9.81e+01 1.56e-09  7.70e+03     0s
   4  -3.70716438e+04  4.23995408e+04  8.62e+00 1.37e-10  8.24e+02     0s
   5  -3.47610180e+03  9.64642098e+03  5.98e-01 9.49e-12  7.06e+01     0s
   6  -2.33906500e+02  6.63983044e+03  1.05e-02 1.67e-13  4.71e+00     0s
   7  -9.96061393e+01  1.76025599e+03  1.68e-03 2.67e-14  1.01e+00     0s
   8  -1.69150370e+01  4.79627284e+02  1.68e-09 4.44e-16  2.55e-01     1s
   9  -1.80650936e+00  2.81168442e+01  1.34e-12 1.63e-11  1.54e-02     1s
  10   2.80287268e-01  3.74714421e+00  3.62e-14 2.27e-12  1.78e-03     1s
  11   5.53867070e-01  1.08482291e+00  8.92e-15 4.19e-13  2.73e-04     1s
  12   7.03446655e-01  8.78612949e-01  1.62e-14 1.53e-13  9.01e-05     1s
  13   7.28562944e-01  7.64525498e-01  2.72e-14 1.29e-13  1.85e-05     1s
  14   7.37757513e-01  7.42644233e-01  7.34e-14 1.29e-14  2.51e-06     1s
  15   7.39510180e-01  7.40511706e-01  6.89e-13 3.61e-14  5.15e-07     1s
  16   7.39893717e-01  7.40081816e-01  5.66e-13 7.25e-14  9.68e-08     1s
  17   7.39953891e-01  7.40015721e-01  4.71e-13 2.12e-14  3.18e-08     1s
  18   7.39978166e-01  7.39985254e-01  3.93e-13 3.09e-14  3.65e-09     1s
  19   7.39981406e-01  7.39981715e-01  9.80e-13 3.54e-14  1.59e-10     1s
  20   7.39981545e-01  7.39981554e-01  5.99e-12 5.23e-15  4.90e-12     1s

Barrier solved model in 20 iterations and 0.91 seconds
Optimal objective 7.39981545e-01


Wrote requested result file 'model.mps'


Gurobi 7.5.2 (mac64) logging started Sat Mar  3 04:34:13 2018

Academic license - for non-commercial use only
Warning for adding variables: zero or small (< 1e-13) coefficients, ignored
Optimize a model with 973 rows, 973 columns and 2915 nonzeros
Model has 471908 quadratic objective terms
Coefficient statistics:
  Matrix range     [2e-03, 1e+00]
  Objective range  [1e+00, 1e+00]
  QObjective range [2e-05, 1e+06]
  Bounds range     [0e+00, 0e+00]
  RHS range        [1e+00, 1e+00]
Warning: Model contains large quadratic objective coefficient range
         Consider reformulating model or setting NumericFocus parameter
         to avoid numerical issues.
Presolve time: 0.07s
Presolved: 973 rows, 973 columns, 2915 nonzeros
Presolved model has 471908 quadratic objective terms
Ordering time: 0.00s

Barrier statistics:
 Free vars  : 281
 AA' NZ     : 4.917e+05
 Factor NZ  : 5.397e+05 (roughly 5 MBytes of memory)
 Factor Ops : 2.838e+08 (less than 1 second per iteration)
 Threads    : 4

                  Objective                Residual
Iter       Primal          Dual         Primal    Dual     Compl     Time
   0  -1.00963759e+05  3.27682560e+05  2.57e+04 1.00e+00  1.00e+06     0s
   1  -5.44685377e+06  5.52921225e+06  6.57e+03 2.49e+02  2.65e+05     0s
   2  -2.41213899e+06  2.44181546e+06  1.93e+03 5.83e+01  9.02e+04     0s
   3  -3.23911510e+05  3.29822903e+05  1.31e+02 3.10e-09  7.38e+03     0s
   4  -2.09677622e+04  2.63812124e+04  1.06e+01 2.52e-10  7.59e+02     0s
   5  -1.43896447e+03  7.17523549e+03  5.41e-01 1.28e-11  4.47e+01     0s
   6  -8.59918463e+01  5.43784891e+03  6.23e-03 1.48e-13  3.28e+00     0s
   7  -3.73774024e+01  7.51066441e+02  4.48e-04 1.06e-14  4.10e-01     0s
   8  -2.74768141e+00  2.57498765e+02  4.48e-10 4.16e-16  1.34e-01     1s
   9  -5.25644074e-01  9.97955061e+00  6.02e-12 7.94e-12  5.40e-03     1s
  10   4.25837573e-01  1.46042259e+00  2.67e-14 9.71e-14  5.32e-04     1s
  11   6.28643353e-01  8.09128496e-01  3.77e-14 1.59e-13  9.28e-05     1s
  12   6.65165167e-01  7.65395570e-01  7.65e-14 8.28e-14  5.16e-05     1s
  13   6.83727796e-01  7.45657325e-01  7.21e-14 2.16e-14  3.19e-05     1s
  14   6.98908721e-01  7.23872382e-01  7.41e-14 1.77e-14  1.28e-05     1s
  15   7.06505166e-01  7.14598102e-01  1.30e-13 6.44e-15  4.16e-06     1s
  16   7.08844157e-01  7.10496747e-01  1.66e-13 1.06e-13  8.50e-07     1s
  17   7.09430738e-01  7.09558127e-01  1.78e-13 2.22e-15  6.55e-08     1s
  18   7.09465994e-01  7.09526424e-01  2.23e-12 6.88e-15  3.11e-08     1s
  19   7.09489846e-01  7.09499243e-01  8.62e-13 6.33e-14  4.83e-09     1s
  20   7.09493678e-01  7.09494935e-01  1.86e-12 1.78e-13  6.46e-10     1s
  21   7.09494180e-01  7.09494493e-01  3.82e-12 2.89e-15  1.61e-10     1s
  22   7.09494314e-01  7.09494344e-01  3.36e-12 6.13e-14  1.54e-11     1s
  23   7.09494325e-01  7.09494332e-01  6.60e-12 8.22e-14  3.56e-12     1s

Barrier solved model in 23 iterations and 1.01 seconds
Optimal objective 7.09494325e-01


Wrote requested result file 'model.mps'


Gurobi 7.5.2 (mac64) logging started Sat Mar  3 04:35:06 2018

Academic license - for non-commercial use only
Warning for adding variables: zero or small (< 1e-13) coefficients, ignored
Optimize a model with 973 rows, 973 columns and 2915 nonzeros
Model has 471908 quadratic objective terms
Coefficient statistics:
  Matrix range     [2e-03, 1e+00]
  Objective range  [1e+00, 1e+00]
  QObjective range [2e-05, 1e+06]
  Bounds range     [0e+00, 0e+00]
  RHS range        [1e+00, 1e+00]
Warning: Model contains large quadratic objective coefficient range
         Consider reformulating model or setting NumericFocus parameter
         to avoid numerical issues.
Presolve time: 0.07s
Presolved: 973 rows, 973 columns, 2915 nonzeros
Presolved model has 471908 quadratic objective terms
Ordering time: 0.02s

Barrier statistics:
 Free vars  : 280
 AA' NZ     : 4.915e+05
 Factor NZ  : 5.378e+05 (roughly 5 MBytes of memory)
 Factor Ops : 2.821e+08 (less than 1 second per iteration)
 Threads    : 4

                  Objective                Residual
Iter       Primal          Dual         Primal    Dual     Compl     Time
   0   6.45753178e+04  3.27682560e+05  5.03e+04 1.00e+00  1.00e+06     0s
   1  -3.38037231e+06  3.50925841e+06  1.43e+04 2.82e+02  2.91e+05     0s
   2  -1.85058569e+06  1.88798276e+06  3.62e+03 4.58e+01  8.87e+04     0s
   3  -4.76827743e+05  4.84242332e+05  3.96e+02 3.34e-09  1.21e+04     0s
   4  -4.17408524e+04  4.59444518e+04  2.18e+01 1.84e-10  7.46e+02     0s
   5  -2.20254600e+03  6.92187105e+03  1.19e+00 1.00e-11  4.84e+01     0s
   6  -8.91297710e+01  4.92800827e+03  1.63e-02 1.37e-13  3.20e+00     0s
   7  -3.01420650e+01  8.76960349e+02  1.53e-03 1.29e-14  4.78e-01     1s
   8  -2.87257562e+00  1.81463360e+02  1.53e-09 4.53e-11  9.48e-02     1s
   9  -9.70942771e-02  7.00084886e+00  8.86e-12 5.44e-11  3.65e-03     1s
  10   4.88722076e-01  1.12586931e+00  9.36e-14 1.90e-12  3.28e-04     1s
  11   6.46228161e-01  8.65883454e-01  2.41e-14 2.95e-13  1.13e-04     1s
  12   6.87646349e-01  8.16989072e-01  1.74e-14 1.31e-13  6.65e-05     1s
  13   7.22508559e-01  7.49312847e-01  1.78e-14 4.66e-15  1.38e-05     1s
  14   7.30112427e-01  7.36571598e-01  2.50e-13 2.89e-15  3.32e-06     1s
  15   7.31608369e-01  7.34745937e-01  3.70e-13 5.76e-14  1.61e-06     1s
  16   7.32489293e-01  7.33177697e-01  1.14e-13 4.44e-15  3.54e-07     1s
  17   7.32749661e-01  7.32808728e-01  2.48e-13 4.22e-15  3.04e-08     1s
  18   7.32777778e-01  7.32786922e-01  1.76e-12 1.57e-13  4.70e-09     1s
  19   7.32781940e-01  7.32782298e-01  2.52e-12 9.75e-14  1.84e-10     1s
  20   7.32782102e-01  7.32782110e-01  1.59e-11 4.00e-15  4.06e-12     1s

Barrier solved model in 20 iterations and 0.92 seconds
Optimal objective 7.32782102e-01


Wrote requested result file 'model.mps'


Gurobi 7.5.2 (mac64) logging started Sat Mar  3 04:37:44 2018

Academic license - for non-commercial use only
Warning for adding variables: zero or small (< 1e-13) coefficients, ignored
Optimize a model with 973 rows, 973 columns and 2915 nonzeros
Model has 471908 quadratic objective terms
Coefficient statistics:
  Matrix range     [2e-03, 1e+00]
  Objective range  [1e+00, 1e+00]
  QObjective range [2e-05, 1e+06]
  Bounds range     [0e+00, 0e+00]
  RHS range        [1e+00, 1e+00]
Warning: Model contains large quadratic objective coefficient range
         Consider reformulating model or setting NumericFocus parameter
         to avoid numerical issues.
Presolve time: 0.07s
Presolved: 973 rows, 973 columns, 2915 nonzeros
Presolved model has 471908 quadratic objective terms
Ordering time: 0.01s

Barrier statistics:
 Free vars  : 282
 AA' NZ     : 4.898e+05
 Factor NZ  : 5.367e+05 (roughly 5 MBytes of memory)
 Factor Ops : 2.805e+08 (less than 1 second per iteration)
 Threads    : 4

                  Objective                Residual
Iter       Primal          Dual         Primal    Dual     Compl     Time
   0   6.23155733e+03  3.27682560e+05  3.03e+04 1.00e+00  1.00e+06     0s
   1  -5.19079661e+06  5.30171866e+06  8.47e+03 2.78e+02  2.96e+05     0s
   2  -2.83577153e+06  2.87404604e+06  2.52e+03 6.20e+01  1.01e+05     0s
   3  -7.53824167e+05  7.64042501e+05  4.41e+02 8.64e-09  2.23e+04     0s
   4  -1.57597127e+05  1.62142374e+05  4.04e+01 7.91e-10  2.17e+03     0s
   5  -6.49158305e+03  1.17021383e+04  3.08e+00 6.03e-11  2.05e+02     0s
   6  -3.68719534e+02  5.72219387e+03  1.45e-01 2.84e-12  1.26e+01     0s
   7  -3.49157681e+01  3.26190373e+03  1.45e-07 1.11e-15  1.70e+00     0s
   8  -1.42942022e+01  2.70109985e+02  7.25e-09 6.66e-16  1.46e-01     0s
   9  -1.86653172e+00  5.93373621e+01  7.49e-15 1.01e-11  3.15e-02     0s
  10   5.78176976e-02  4.23866370e+00  2.01e-15 9.24e-12  2.15e-03     1s
  11   4.96676701e-01  1.27467694e+00  7.10e-15 2.40e-14  4.00e-04     1s
  12   6.56155370e-01  8.44155792e-01  1.27e-14 7.33e-15  9.67e-05     1s
  13   6.82250835e-01  7.89750466e-01  8.38e-15 5.29e-14  5.53e-05     1s
  14   7.08920266e-01  7.24093890e-01  9.23e-15 4.80e-14  7.81e-06     1s
  15   7.14415632e-01  7.17528144e-01  1.20e-13 1.47e-13  1.60e-06     1s
  16   7.15523457e-01  7.16383606e-01  1.38e-13 1.30e-13  4.42e-07     1s
  17   7.15775009e-01  7.16075283e-01  1.07e-13 2.66e-15  1.54e-07     1s
  18   7.15885329e-01  7.15917849e-01  1.62e-13 5.53e-14  1.67e-08     1s
  19   7.15899536e-01  7.15903434e-01  6.07e-13 1.96e-13  2.01e-09     1s
  20   7.15901243e-01  7.15901653e-01  1.67e-12 1.35e-14  2.11e-10     1s
  21   7.15901422e-01  7.15901451e-01  2.43e-12 2.66e-15  1.49e-11     1s
  22   7.15901436e-01  7.15901436e-01  1.64e-11 7.60e-14  2.46e-13     1s

Barrier solved model in 22 iterations and 0.83 seconds
Optimal objective 7.15901436e-01


Wrote requested result file 'model.mps'


Gurobi 7.5.2 (mac64) logging started Sat Mar  3 04:38:23 2018

Academic license - for non-commercial use only
Warning for adding variables: zero or small (< 1e-13) coefficients, ignored
Optimize a model with 973 rows, 973 columns and 2915 nonzeros
Model has 471908 quadratic objective terms
Coefficient statistics:
  Matrix range     [2e-03, 1e+00]
  Objective range  [1e+00, 1e+00]
  QObjective range [2e-05, 1e+06]
  Bounds range     [0e+00, 0e+00]
  RHS range        [1e+00, 1e+00]
Warning: Model contains large quadratic objective coefficient range
         Consider reformulating model or setting NumericFocus parameter
         to avoid numerical issues.
Presolve time: 0.07s
Presolved: 973 rows, 973 columns, 2915 nonzeros
Presolved model has 471908 quadratic objective terms
Ordering time: 0.00s

Barrier statistics:
 Free vars  : 280
 AA' NZ     : 4.888e+05
 Factor NZ  : 5.354e+05 (roughly 5 MBytes of memory)
 Factor Ops : 2.794e+08 (less than 1 second per iteration)
 Threads    : 4

                  Objective                Residual
Iter       Primal          Dual         Primal    Dual     Compl     Time
   0   8.59112645e+04  3.27682560e+05  2.12e+04 1.00e+00  1.00e+06     0s
   1  -3.25194218e+06  3.34908784e+06  4.23e+03 1.71e+02  2.13e+05     0s
   2  -1.26320556e+06  1.29429726e+06  1.20e+03 2.43e+01  7.12e+04     0s
   3  -2.43627883e+05  2.49391046e+05  8.37e+01 2.38e-09  6.54e+03     0s
   4  -1.37978525e+04  1.82889144e+04  5.19e+00 1.48e-10  4.58e+02     0s
   5  -9.22183648e+02  5.95240029e+03  2.79e-01 7.96e-12  3.04e+01     0s
   6  -5.61457519e+01  4.52855981e+03  3.09e-03 8.81e-14  2.63e+00     0s
   7  -3.35265195e+01  1.01549610e+03  6.11e-04 1.74e-14  5.52e-01     0s
   8  -5.79312693e+00  2.97014183e+02  6.11e-10 1.07e-10  1.56e-01     0s
   9  -8.89754634e-01  1.27076909e+01  4.22e-12 1.79e-11  6.99e-03     1s
  10   3.88577459e-01  1.95558299e+00  5.30e-15 4.22e-14  8.06e-04     1s
  11   5.86391017e-01  1.05093047e+00  1.09e-14 6.88e-15  2.39e-04     1s
  12   6.94034647e-01  7.59782662e-01  7.37e-15 1.33e-13  3.38e-05     1s
  13   7.13369623e-01  7.38841331e-01  5.80e-14 2.39e-14  1.31e-05     1s
  14   7.20693613e-01  7.32323095e-01  4.47e-14 2.81e-14  5.98e-06     1s
  15   7.23684414e-01  7.29815288e-01  2.78e-14 1.11e-13  3.15e-06     1s
  16   7.25508235e-01  7.26600241e-01  4.14e-14 3.11e-15  5.62e-07     1s
  17   7.25885593e-01  7.25989423e-01  6.40e-14 1.70e-13  5.34e-08     1s
  18   7.25929046e-01  7.25960386e-01  8.18e-13 4.16e-14  1.61e-08     1s
  19   7.25941588e-01  7.25947503e-01  4.18e-13 1.39e-14  3.04e-09     1s
  20   7.25944323e-01  7.25944520e-01  1.65e-12 8.52e-14  1.02e-10     1s
  21   7.25944417e-01  7.25944421e-01  3.49e-12 1.28e-13  2.18e-12     1s

Barrier solved model in 21 iterations and 0.89 seconds
Optimal objective 7.25944417e-01


Wrote requested result file 'model.mps'


Gurobi 7.5.2 (mac64) logging started Sat Mar  3 04:39:32 2018

Academic license - for non-commercial use only
Warning for adding variables: zero or small (< 1e-13) coefficients, ignored
Optimize a model with 973 rows, 973 columns and 2915 nonzeros
Model has 471908 quadratic objective terms
Coefficient statistics:
  Matrix range     [2e-03, 1e+00]
  Objective range  [1e+00, 1e+00]
  QObjective range [2e-05, 1e+06]
  Bounds range     [0e+00, 0e+00]
  RHS range        [1e+00, 1e+00]
Warning: Model contains large quadratic objective coefficient range
         Consider reformulating model or setting NumericFocus parameter
         to avoid numerical issues.
Presolve time: 0.07s
Presolved: 973 rows, 973 columns, 2915 nonzeros
Presolved model has 471908 quadratic objective terms
Ordering time: 0.01s

Barrier statistics:
 Free vars  : 280
 AA' NZ     : 4.896e+05
 Factor NZ  : 5.381e+05 (roughly 5 MBytes of memory)
 Factor Ops : 2.823e+08 (less than 1 second per iteration)
 Threads    : 4

                  Objective                Residual
Iter       Primal          Dual         Primal    Dual     Compl     Time
   0   3.77159389e+04  3.27682560e+05  3.34e+04 1.00e+00  1.00e+06     0s
   1  -4.62938092e+06  4.75702882e+06  1.02e+04 3.02e+02  3.22e+05     0s
   2  -2.79969625e+06  2.85012141e+06  3.61e+03 8.81e+01  1.31e+05     0s
   3  -9.39115660e+05  9.49259018e+05  4.45e+02 8.87e-09  2.21e+04     0s
   4  -1.14811210e+05  1.19664447e+05  3.23e+01 6.45e-10  1.79e+03     0s
   5  -6.69150855e+03  1.19464992e+04  1.68e+00 3.36e-11  1.10e+02     0s
   6  -3.77278222e+02  5.95986638e+03  6.10e-02 1.22e-12  7.12e+00     0s
   7  -9.33458262e+01  2.01135044e+03  3.25e-03 6.49e-14  1.17e+00     0s
   8  -1.73722047e+01  6.87018878e+02  3.25e-09 7.69e-12  3.62e-01     0s
   9  -3.18363418e+00  4.86257074e+01  7.47e-15 3.93e-11  2.67e-02     1s
  10   9.30054053e-02  5.13131856e+00  2.42e-15 1.56e-13  2.59e-03     1s
  11   5.15485951e-01  1.06098941e+00  7.13e-15 8.14e-13  2.81e-04     1s
  12   6.32353373e-01  8.67032073e-01  5.75e-15 2.82e-13  1.21e-04     1s
  13   6.88570595e-01  7.72335842e-01  1.20e-14 1.55e-13  4.31e-05     1s
  14   7.14727619e-01  7.36551962e-01  2.92e-14 3.98e-14  1.12e-05     1s
  15   7.19835287e-01  7.28682574e-01  3.48e-14 4.44e-15  4.55e-06     1s
  16   7.22765605e-01  7.24097230e-01  3.98e-14 6.95e-15  6.85e-07     1s
  17   7.23129090e-01  7.23677879e-01  5.88e-14 7.95e-14  2.82e-07     1s
  18   7.23307438e-01  7.23420413e-01  5.87e-14 6.00e-15  5.81e-08     1s
  19   7.23347031e-01  7.23370458e-01  1.16e-13 8.96e-14  1.21e-08     1s
  20   7.23355866e-01  7.23359925e-01  2.23e-13 9.58e-14  2.09e-09     1s
  21   7.23357536e-01  7.23357987e-01  4.30e-13 1.63e-13  2.32e-10     1s
  22   7.23357741e-01  7.23357750e-01  1.42e-12 8.66e-14  4.88e-12     1s

Barrier solved model in 22 iterations and 0.84 seconds
Optimal objective 7.23357741e-01


Wrote requested result file 'model.mps'


Gurobi 7.5.2 (mac64) logging started Sun Mar  4 22:38:12 2018

Academic license - for non-commercial use only
Warning for adding variables: zero or small (< 1e-13) coefficients, ignored
Optimize a model with 973 rows, 973 columns and 2915 nonzeros
Model has 471908 quadratic objective terms
Coefficient statistics:
  Matrix range     [2e-03, 1e+00]
  Objective range  [1e+00, 1e+00]
  QObjective range [2e-05, 1e+06]
  Bounds range     [0e+00, 0e+00]
  RHS range        [1e+00, 1e+00]
Warning: Model contains large quadratic objective coefficient range
         Consider reformulating model or setting NumericFocus parameter
         to avoid numerical issues.
Presolve time: 0.10s
Presolved: 973 rows, 973 columns, 2915 nonzeros
Presolved model has 471908 quadratic objective terms
Ordering time: 0.02s

Barrier statistics:
 Free vars  : 281
 AA' NZ     : 4.907e+05
 Factor NZ  : 5.365e+05 (roughly 5 MBytes of memory)
 Factor Ops : 2.805e+08 (less than 1 second per iteration)
 Threads    : 4

                  Objective                Residual
Iter       Primal          Dual         Primal    Dual     Compl     Time
   0   1.44268743e+04  3.27682560e+05  2.30e+04 1.00e+00  1.00e+06     0s
   1  -3.79011979e+06  3.90127321e+06  6.35e+03 2.75e+02  2.94e+05     0s
   2  -2.13724736e+06  2.16784551e+06  1.46e+03 4.96e+01  7.96e+04     0s
   3  -3.72235843e+05  3.79469097e+05  1.87e+02 5.56e-09  1.18e+04     0s
   4  -3.10734064e+04  3.55600039e+04  1.02e+01 3.04e-10  7.49e+02     0s
   5  -1.54144108e+03  6.52266162e+03  3.80e-01 1.13e-11  3.45e+01     0s
   6  -1.10995447e+02  5.06528915e+03  8.36e-03 2.49e-13  3.34e+00     0s
   7  -3.32676991e+01  7.73013876e+02  4.75e-04 1.42e-14  4.22e-01     1s
   8  -3.36836091e+00  7.72728693e+01  4.75e-10 3.89e-16  4.15e-02     1s
   9   5.74401696e-02  5.98488498e+00  4.06e-12 1.24e-14  3.05e-03     1s
  10   4.85255720e-01  1.06975491e+00  5.62e-14 1.42e-14  3.01e-04     1s
  11   6.41517396e-01  8.23622563e-01  2.62e-14 4.16e-15  9.37e-05     1s
  12   6.89497549e-01  7.52981700e-01  1.33e-13 3.33e-15  3.27e-05     1s
  13   7.03265067e-01  7.33826917e-01  1.22e-13 4.66e-15  1.57e-05     1s
  14   7.11201716e-01  7.15917276e-01  8.39e-14 4.00e-15  2.43e-06     1s
  15   7.12677375e-01  7.13551919e-01  4.41e-13 1.64e-13  4.50e-07     1s
  16   7.12980836e-01  7.13082071e-01  4.56e-13 3.55e-15  5.21e-08     1s
  17   7.13014844e-01  7.13051160e-01  1.18e-12 4.36e-14  1.87e-08     1s
  18   7.13030017e-01  7.13034320e-01  1.08e-12 6.00e-14  2.21e-09     1s
  19   7.13031926e-01  7.13032511e-01  3.47e-12 1.72e-14  3.01e-10     1s
  20   7.13032183e-01  7.13032238e-01  6.00e-12 3.44e-15  2.84e-11     1s
  21   7.13032208e-01  7.13032209e-01  5.30e-12 5.93e-14  3.46e-13     1s

Barrier solved model in 21 iterations and 0.94 seconds
Optimal objective 7.13032208e-01


Wrote requested result file 'model.mps'


Gurobi 7.5.2 (mac64) logging started Sun Mar  4 22:39:06 2018

Academic license - for non-commercial use only
Warning for adding variables: zero or small (< 1e-13) coefficients, ignored
Optimize a model with 973 rows, 973 columns and 2915 nonzeros
Model has 471908 quadratic objective terms
Coefficient statistics:
  Matrix range     [2e-03, 1e+00]
  Objective range  [1e+00, 1e+00]
  QObjective range [2e-05, 1e+06]
  Bounds range     [0e+00, 0e+00]
  RHS range        [1e+00, 1e+00]
Warning: Model contains large quadratic objective coefficient range
         Consider reformulating model or setting NumericFocus parameter
         to avoid numerical issues.
Presolve time: 0.07s
Presolved: 973 rows, 973 columns, 2915 nonzeros
Presolved model has 471908 quadratic objective terms
Ordering time: 0.02s

Barrier statistics:
 Free vars  : 277
 AA' NZ     : 4.849e+05
 Factor NZ  : 5.325e+05 (roughly 5 MBytes of memory)
 Factor Ops : 2.774e+08 (less than 1 second per iteration)
 Threads    : 4

                  Objective                Residual
Iter       Primal          Dual         Primal    Dual     Compl     Time
   0   1.04348764e+05  3.27682560e+05  2.24e+04 1.00e+00  1.00e+06     0s
   1  -2.73963038e+06  2.85941430e+06  5.50e+03 2.44e+02  2.61e+05     0s
   2  -1.51327100e+06  1.55035777e+06  1.53e+03 5.01e+01  8.75e+04     0s
   3  -3.44427474e+05  3.49919765e+05  9.80e+01 1.94e-09  6.48e+03     0s
   4  -2.27340746e+04  2.66198741e+04  7.20e+00 1.42e-10  5.34e+02     0s
   5  -1.01665837e+03  5.29576463e+03  4.60e-01 9.10e-12  3.95e+01     0s
   6  -6.23464587e+01  4.17655914e+03  1.00e-02 1.98e-13  2.95e+00     0s
   7  -2.69139071e+01  9.80056013e+02  1.76e-03 3.48e-14  5.53e-01     0s
   8  -6.46842899e+00  2.44223393e+02  1.76e-09 3.33e-16  1.29e-01     1s
   9  -9.71674659e-01  1.29441806e+01  1.27e-11 3.65e-12  7.16e-03     1s
  10   3.70854957e-01  1.87597219e+00  6.47e-14 3.09e-12  7.74e-04     1s
  11   5.53964171e-01  1.09728830e+00  1.77e-14 6.63e-13  2.79e-04     1s
  12   6.39770686e-01  8.44379718e-01  7.41e-15 1.78e-13  1.05e-04     1s
  13   6.75998208e-01  7.78774128e-01  1.50e-14 1.31e-13  5.29e-05     1s
  14   6.98684546e-01  7.25390404e-01  1.49e-14 3.43e-14  1.37e-05     1s
  15   7.03646306e-01  7.14564873e-01  4.10e-14 3.12e-14  5.62e-06     1s
  16   7.06777387e-01  7.09072526e-01  7.90e-14 5.00e-14  1.18e-06     1s
  17   7.07530564e-01  7.08051700e-01  4.25e-13 9.13e-14  2.68e-07     1s
  18   7.07662009e-01  7.07867409e-01  5.38e-13 9.10e-15  1.06e-07     1s
  19   7.07744014e-01  7.07758580e-01  4.16e-13 4.17e-14  7.49e-09     1s
  20   7.07749002e-01  7.07754210e-01  1.36e-12 8.04e-14  2.68e-09     1s
  21   7.07751285e-01  7.07751465e-01  1.18e-12 5.55e-15  9.26e-11     1s
  22   7.07751371e-01  7.07751372e-01  6.37e-12 4.44e-15  5.94e-13     1s

Barrier solved model in 22 iterations and 0.93 seconds
Optimal objective 7.07751371e-01


Wrote requested result file 'model.mps'


Gurobi 7.5.2 (mac64) logging started Sun Mar  4 22:39:23 2018

Academic license - for non-commercial use only
Warning for adding variables: zero or small (< 1e-13) coefficients, ignored
Optimize a model with 973 rows, 973 columns and 2915 nonzeros
Model has 471908 quadratic objective terms
Coefficient statistics:
  Matrix range     [2e-03, 1e+00]
  Objective range  [1e+00, 1e+00]
  QObjective range [2e-05, 1e+06]
  Bounds range     [0e+00, 0e+00]
  RHS range        [1e+00, 1e+00]
Warning: Model contains large quadratic objective coefficient range
         Consider reformulating model or setting NumericFocus parameter
         to avoid numerical issues.
Presolve time: 0.07s
Presolved: 973 rows, 973 columns, 2915 nonzeros
Presolved model has 471908 quadratic objective terms
Ordering time: 0.01s

Barrier statistics:
 Free vars  : 290
 AA' NZ     : 5.005e+05
 Factor NZ  : 5.516e+05 (roughly 5 MBytes of memory)
 Factor Ops : 2.941e+08 (less than 1 second per iteration)
 Threads    : 4

                  Objective                Residual
Iter       Primal          Dual         Primal    Dual     Compl     Time
   0   6.48937830e+03  3.27682560e+05  3.53e+04 1.00e+00  1.00e+06     0s
   1  -4.09129900e+06  4.19443475e+06  9.20e+03 2.59e+02  2.85e+05     0s
   2  -2.22007250e+06  2.25372766e+06  2.55e+03 6.05e+01  9.51e+04     0s
   3  -4.11910136e+05  4.18152457e+05  1.80e+02 3.53e-09  8.17e+03     0s
   4  -2.54564611e+04  3.05748474e+04  1.18e+01 2.31e-10  6.51e+02     0s
   5  -1.72577326e+03  8.29925462e+03  9.52e-01 1.86e-11  7.03e+01     0s
   6  -1.34088001e+02  6.14821827e+03  1.08e-02 2.12e-13  3.92e+00     0s
   7  -4.61831652e+01  9.54912872e+02  7.02e-04 1.37e-14  5.23e-01     1s
   8  -4.91204185e+00  1.73995121e+02  7.02e-10 1.29e-10  9.20e-02     1s
   9  -3.42936280e-01  1.86356980e+01  2.75e-15 1.04e-11  9.76e-03     1s
  10   3.74927958e-01  1.59275610e+00  3.83e-15 1.44e-12  6.26e-04     1s
  11   5.49195836e-01  1.02696444e+00  1.51e-14 4.09e-13  2.46e-04     1s
  12   6.59759127e-01  7.18120194e-01  1.62e-14 1.08e-13  3.00e-05     1s
  13   6.78027852e-01  7.00980558e-01  9.56e-14 1.76e-14  1.18e-05     1s
  14   6.85492949e-01  6.92159295e-01  1.44e-13 2.10e-14  3.43e-06     1s
  15   6.88097228e-01  6.89504691e-01  4.49e-13 1.17e-14  7.24e-07     1s
  16   6.88586082e-01  6.88822758e-01  2.28e-13 7.47e-14  1.22e-07     1s
  17   6.88622829e-01  6.88805599e-01  4.70e-13 6.00e-15  9.40e-08     1s
  18   6.88688288e-01  6.88712843e-01  2.98e-13 3.50e-14  1.26e-08     1s
  19   6.88697373e-01  6.88702298e-01  4.08e-13 5.63e-14  2.53e-09     1s
  20   6.88699358e-01  6.88699977e-01  1.07e-12 6.61e-15  3.18e-10     1s
  21   6.88699631e-01  6.88699659e-01  1.12e-12 8.44e-15  1.46e-11     1s
  22   6.88699644e-01  6.88699644e-01  9.89e-12 2.11e-13  2.13e-14     1s

Barrier solved model in 22 iterations and 0.99 seconds
Optimal objective 6.88699644e-01


Wrote requested result file 'model.mps'

